2019-01-29 16:56:40 ERROR MainController:70 - 
2019-01-29 16:57:07 ERROR MainController:70 - 
2019-01-29 16:57:09 ERROR MainController:107 - BufferedImage@7adf8287: type = 5 ColorModel: #pixelBits = 24 numComponents = 3 color space = java.awt.color.ICC_ColorSpace@30fbd66e transparency = 1 has alpha = false isAlphaPre = false ByteInterleavedRaster: width = 400 height = 400 #numDataElements 3 dataOff[0] = 2
2019-01-29 16:57:09 ERROR MainController:107 - BufferedImage@1378e99e: type = 5 ColorModel: #pixelBits = 24 numComponents = 3 color space = java.awt.color.ICC_ColorSpace@30fbd66e transparency = 1 has alpha = false isAlphaPre = false ByteInterleavedRaster: width = 400 height = 533 #numDataElements 3 dataOff[0] = 2
2019-01-29 16:57:09 ERROR MainController:107 - BufferedImage@76bdbc9d: type = 5 ColorModel: #pixelBits = 24 numComponents = 3 color space = java.awt.color.ICC_ColorSpace@30fbd66e transparency = 1 has alpha = false isAlphaPre = false ByteInterleavedRaster: width = 400 height = 409 #numDataElements 3 dataOff[0] = 2
2019-01-29 16:57:54 ERROR MainController:70 - User(ID=290980826, firstName=Вика, lastName=Клименко, photo=https://sun1-11.userapi.com/c844216/v844216569/1739b7/a9h_Mk-B98I.jpg?ava=1, photoBufferedImage=null, sex=1, lastSeen=LastSeen(time=1548600227, platform=2), homeTown=null, hasPhoto=1, friendStatus=0, followersCount=15192, education=null, country=null, city=null, commonCount=0, blacklistedByMe=0, bdate=12.5, online=1, relation=null, relationPartner=null, schools=null, universities=null, connections=null, site=, photoMaxOrig=https://sun1-17.userapi.com/c844216/v844216569/1739b3/oN1omDlzpgY.jpg?ava=1, photoMaxBufferedImage=null)
2019-01-29 16:57:55 ERROR MainController:107 - User(ID=388568225, firstName=Courtney, lastName=Svenningson, photo=https://sun1-19.userapi.com/c850536/v850536428/9cd1a/27pGneZtFHs.jpg?ava=1, photoBufferedImage=null, sex=1, lastSeen=LastSeen(time=1548599821, platform=2), homeTown=null, hasPhoto=1, friendStatus=0, followersCount=15833, education=null, country=Country{ID=1, title='Россия'}, city=null, commonCount=0, blacklistedByMe=0, bdate=18.6.2001, online=0, relation=null, relationPartner=null, schools=null, universities=null, connections=null, site=, photoMaxOrig=https://sun1-13.userapi.com/c850536/v850536428/9cd17/urBdh8D-TqQ.jpg?ava=1, photoMaxBufferedImage=BufferedImage@28cf4884: type = 5 ColorModel: #pixelBits = 24 numComponents = 3 color space = java.awt.color.ICC_ColorSpace@36c338fb transparency = 1 has alpha = false isAlphaPre = false ByteInterleavedRaster: width = 400 height = 400 #numDataElements 3 dataOff[0] = 2)
2019-01-29 16:57:55 ERROR MainController:107 - User(ID=290980826, firstName=Вика, lastName=Клименко, photo=https://sun1-11.userapi.com/c844216/v844216569/1739b7/a9h_Mk-B98I.jpg?ava=1, photoBufferedImage=null, sex=1, lastSeen=LastSeen(time=1548600227, platform=2), homeTown=null, hasPhoto=1, friendStatus=0, followersCount=15192, education=null, country=null, city=null, commonCount=0, blacklistedByMe=0, bdate=12.5, online=1, relation=null, relationPartner=null, schools=null, universities=null, connections=null, site=, photoMaxOrig=https://sun1-17.userapi.com/c844216/v844216569/1739b3/oN1omDlzpgY.jpg?ava=1, photoMaxBufferedImage=BufferedImage@36dc37d6: type = 5 ColorModel: #pixelBits = 24 numComponents = 3 color space = java.awt.color.ICC_ColorSpace@36c338fb transparency = 1 has alpha = false isAlphaPre = false ByteInterleavedRaster: width = 400 height = 533 #numDataElements 3 dataOff[0] = 2)
2019-01-29 16:57:55 ERROR MainController:107 - User(ID=292079711, firstName=Стефания, lastName=Захарова, photo=https://pp.userapi.com/c845418/v845418058/16d3cd/M6mRWIcpz54.jpg?ava=1, photoBufferedImage=null, sex=1, lastSeen=LastSeen(time=1548597627, platform=7), homeTown=null, hasPhoto=1, friendStatus=0, followersCount=12762, education=null, country=Country{ID=1, title='Россия'}, city=null, commonCount=2, blacklistedByMe=0, bdate=7.8, online=0, relation=0, relationPartner=null, schools=[], universities=[], connections=null, site=, photoMaxOrig=https://pp.userapi.com/c845418/v845418058/16d3c9/fbTBgVJGxR8.jpg?ava=1, photoMaxBufferedImage=BufferedImage@45dca537: type = 5 ColorModel: #pixelBits = 24 numComponents = 3 color space = java.awt.color.ICC_ColorSpace@36c338fb transparency = 1 has alpha = false isAlphaPre = false ByteInterleavedRaster: width = 400 height = 409 #numDataElements 3 dataOff[0] = 2)
2019-01-29 16:58:31 ERROR MainController:70 - -751059736
2019-01-29 16:58:33 ERROR MainController:107 - 75818574
2019-01-29 16:58:33 ERROR MainController:107 - 22572877
2019-01-29 16:58:33 ERROR MainController:107 - 1745726017
2019-01-29 17:00:12 ERROR MainController:70 - -751059736
2019-01-29 17:00:14 ERROR MainController:107 - 581068269
2019-01-29 17:00:14 ERROR MainController:107 - 176261809
2019-01-29 17:00:14 ERROR MainController:107 - 1947982979
2019-01-29 17:02:54 ERROR MainController:70 - -751059736
2019-01-29 17:04:19 ERROR MainController:70 - -751059736 null
2019-01-29 17:04:58 ERROR MainController:70 - -751059736 null
2019-01-29 17:05:46 ERROR MainController:71 - 1377835355 BufferedImage@7ee45c9e: type = 5 ColorModel: #pixelBits = 24 numComponents = 3 color space = java.awt.color.ICC_ColorSpace@6fc8c13a transparency = 1 has alpha = false isAlphaPre = false ByteInterleavedRaster: width = 400 height = 533 #numDataElements 3 dataOff[0] = 2
